<?xml version="1.0" encoding="UTF-8" ?>
<testsuite 
errors="0" failures="0" hostname="DESKTOP-JPLSL4N" name="org.apache.spark.util.sketch.BloomFilterSuite" tests="11" time="5.008" timestamp="2021-02-10T23:56:16">
  <properties>
    <property name="java.runtime.name" value="Java(TM) SE Runtime Environment">
    </property>
    <property 
    name="sun.boot.library.path" value="C:\Progra~1\Java\jdk1.8.0_221\jre\bin">
</property>
    <property name="java.vm.version" value="25.221-b11"/>
    <property name="java.vm.vendor" value="Oracle Corporation"/>
    <property name="java.vendor.url" value="http://java.oracle.com/"/>
    <property name="path.separator" value=";"/>
    <property name="java.vm.name" value="Java HotSpot(TM) 64-Bit Server VM"/>
    <property name="file.encoding.pkg" value="sun.io"/>
    <property name="user.script" value=""/>
    <property name="user.country" value="US"/>
    <property name="sun.java.launcher" value="SUN_STANDARD"/>
    <property name="sun.os.patch.level" value=""/>
    <property 
    name="java.vm.specification.name" value="Java Virtual Machine Specification">
</property>
    <property name="user.dir" value="C:\Users\User\sparkJanuary\common\sketch">
    </property>
    <property name="java.runtime.version" value="1.8.0_221-b11"/>
    <property name="spark.ui.enabled" value="false"/>
    <property 
    name="java.awt.graphicsenv" value="sun.awt.Win32GraphicsEnvironment">
</property>
    <property name="basedir" value="C:\Users\User\sparkJanuary\common\sketch"/>
    <property 
    name="java.endorsed.dirs" value="C:\Progra~1\Java\jdk1.8.0_221\jre\lib\endorsed">
</property>
    <property name="os.arch" value="amd64"/>
    <property 
    name="java.io.tmpdir" value="C:\Users\User\sparkJanuary\common\sketch\target/tmp">
</property>
    <property name="derby.system.durability" value="test"/>
    <property name="line.separator" value=" "/>
    <property name="java.vm.specification.vendor" value="Oracle Corporation"/>
    <property name="user.variant" value=""/>
    <property name="os.name" value="Windows 10"/>
    <property name="io.netty.tryReflectionSetAccessible" value="true"/>
    <property 
    name="log4j.configuration" value="file:src/test/resources/log4j.properties">
</property>
    <property name="sun.jnu.encoding" value="Cp1252"/>
    <property name="spark.ui.showConsoleProgress" value="false"/>
    <property 
    name="java.library.path" value="C:\Progra~1\Java\jdk1.8.0_221\bin;C:\WINDOWS\Sun\Java\bin;C:\WINDOWS\system32;C:\WINDOWS;C:\Program Files (x86)\Common Files\Oracle\Java\javapath;C:\ProgramData\Oracle\Java\javapath;C:\WINDOWS\system32;C:\WINDOWS;C:\WINDOWS\System32\Wbem;C:\WINDOWS\System32\WindowsPowerShell\v1.0\;C:\WINDOWS\System32\OpenSSH\;C:\Program Files\Git\cmd;C:\Program Files (x86)\sbt\bin;C:\Program Files (x86)\Intel\Intel(R) Management Engine Components\DAL;C:\Program Files\Intel\Intel(R) Management Engine Components\DAL;C:\Program Files\Java\jdk1.8.0_221\bin;C:\hadoop-3.1.2\sbin;C:\hadoop-3.1.2\bin;C:\Progra~1\Java\jdk1.8.0_221;C:\Program Files\PuTTY\;C:\Program Files\apache-maven-3.6.3\bin;C:\Users\User\AppData\Local\Microsoft\WindowsApps;C:\Users\User\AppData\Local\Programs\MiKTeX 2.9\miktex\bin\x64\;C:\Users\User\sparkJanuary\bin;C:\hadoop-3.1.2;C:\hadoop-3.1.2\lib\native;C:\Progra~1\apache-maven-3.6.3\bin;C:\ProgramData\Microsoft\Windows\Start Menu\Programs\Rtools 4.0;C:\Users\User\Anaconda3\envs\kublasean\Lib\R\bin\x64\Rgui.exe;C:\Users\User\sparkJanuary\python;;.">
</property>
    <property 
    name="java.specification.name" value="Java Platform API Specification">
</property>
    <property name="java.class.version" value="52.0"/>
    <property 
    name="sun.management.compiler" value="HotSpot 64-Bit Tiered Compilers">
</property>
    <property name="os.version" value="10.0"/>
    <property name="user.home" value="C:\Users\User"/>
    <property name="user.timezone" value=""/>
    <property name="java.awt.printerjob" value="sun.awt.windows.WPrinterJob"/>
    <property name="java.specification.version" value="1.8"/>
    <property name="file.encoding" value="Cp1252"/>
    <property name="spark.testing" value="1"/>
    <property name="user.name" value="User"/>
    <property 
    name="java.class.path" value="C:\Users\User\sparkJanuary\common\sketch\target\scala-2.12\test-classes;C:\Users\User\sparkJanuary\common\sketch\target\scala-2.12\classes;C:\Users\User\sparkJanuary\common\tags\target\spark-tags_2.12-3.0.1.jar;C:\Users\User\.m2\repository\org\scala-lang\scala-library\2.12.10\scala-library-2.12.10.jar;C:\Users\User\sparkJanuary\common\tags\target\spark-tags_2.12-3.0.1-tests.jar;C:\Users\User\.m2\repository\org\spark-project\spark\unused\1.0.0\unused-1.0.0.jar;C:\Users\User\.m2\repository\org\scalatest\scalatest_2.12\3.0.8\scalatest_2.12-3.0.8.jar;C:\Users\User\.m2\repository\org\scalactic\scalactic_2.12\3.0.8\scalactic_2.12-3.0.8.jar;C:\Users\User\.m2\repository\org\scala-lang\scala-reflect\2.12.10\scala-reflect-2.12.10.jar;C:\Users\User\.m2\repository\org\scala-lang\modules\scala-xml_2.12\1.2.0\scala-xml_2.12-1.2.0.jar;C:\Users\User\.m2\repository\junit\junit\4.12\junit-4.12.jar;C:\Users\User\.m2\repository\org\hamcrest\hamcrest-core\1.3\hamcrest-core-1.3.jar;C:\Users\User\.m2\repository\com\novocode\junit-interface\0.11\junit-interface-0.11.jar;C:\Users\User\.m2\repository\org\scala-sbt\test-interface\1.0\test-interface-1.0.jar">
</property>
    <property name="java.vm.specification.version" value="1.8"/>
    <property name="sun.arch.data.model" value="64"/>
    <property name="java.home" value="C:\Progra~1\Java\jdk1.8.0_221\jre"/>
    <property 
    name="sun.java.command" value="org.scalatest.tools.Runner -R C:\Users\User\sparkJanuary\common\sketch\target\scala-2.12\classes C:\Users\User\sparkJanuary\common\sketch\target\scala-2.12\test-classes -l  org.apache.spark.tags.ChromeUITest -o -f C:\Users\User\sparkJanuary\common\sketch\target\surefire-reports\SparkTestSuite.txt -u C:\Users\User\sparkJanuary\common\sketch\target\surefire-reports\.">
</property>
    <property name="java.specification.vendor" value="Oracle Corporation"/>
    <property name="user.language" value="en"/>
    <property name="awt.toolkit" value="sun.awt.windows.WToolkit"/>
    <property name="java.vm.info" value="mixed mode"/>
    <property name="java.version" value="1.8.0_221"/>
    <property name="spark.test.webdriver.chrome.driver" value="null"/>
    <property 
    name="java.ext.dirs" value="C:\Progra~1\Java\jdk1.8.0_221\jre\lib\ext;C:\WINDOWS\Sun\Java\lib\ext">
</property>
    <property 
    name="sun.boot.class.path" value="C:\Progra~1\Java\jdk1.8.0_221\jre\lib\resources.jar;C:\Progra~1\Java\jdk1.8.0_221\jre\lib\rt.jar;C:\Progra~1\Java\jdk1.8.0_221\jre\lib\sunrsasign.jar;C:\Progra~1\Java\jdk1.8.0_221\jre\lib\jsse.jar;C:\Progra~1\Java\jdk1.8.0_221\jre\lib\jce.jar;C:\Progra~1\Java\jdk1.8.0_221\jre\lib\charsets.jar;C:\Progra~1\Java\jdk1.8.0_221\jre\lib\jfr.jar;C:\Progra~1\Java\jdk1.8.0_221\jre\classes">
</property>
    <property name="spark.test.home" value="C:\Users\User\sparkJanuary"/>
    <property name="java.vendor" value="Oracle Corporation"/>
    <property name="java.awt.headless" value="true"/>
    <property name="file.separator" value="\"/>
    <property 
    name="java.vendor.url.bug" value="http://bugreport.sun.com/bugreport/">
</property>
    <property name="spark.unsafe.exceptionOnMemoryLeak" value="true"/>
    <property name="sun.cpu.endian" value="little"/>
    <property name="sun.io.unicode.encoding" value="UnicodeLittle"/>
    <property name="sun.desktop" value="windows"/>
    <property name="test.src.tables" value="__not_used__"/>
    <property name="sun.cpu.isalist" value="amd64"/>
  </properties>
  <testcase 
  name="accuracy - Byte" classname="org.apache.spark.util.sketch.BloomFilterSuite" time="0.009">
</testcase>
  <testcase 
  name="mergeInPlace - Byte" classname="org.apache.spark.util.sketch.BloomFilterSuite" time="0.007">
</testcase>
  <testcase 
  name="accuracy - Short" classname="org.apache.spark.util.sketch.BloomFilterSuite" time="0.006">
</testcase>
  <testcase 
  name="mergeInPlace - Short" classname="org.apache.spark.util.sketch.BloomFilterSuite" time="0.012">
</testcase>
  <testcase 
  name="accuracy - Int" classname="org.apache.spark.util.sketch.BloomFilterSuite" time="0.038">
</testcase>
  <testcase 
  name="mergeInPlace - Int" classname="org.apache.spark.util.sketch.BloomFilterSuite" time="0.178">
</testcase>
  <testcase 
  name="accuracy - Long" classname="org.apache.spark.util.sketch.BloomFilterSuite" time="0.044">
</testcase>
  <testcase 
  name="mergeInPlace - Long" classname="org.apache.spark.util.sketch.BloomFilterSuite" time="0.077">
</testcase>
  <testcase 
  name="accuracy - String" classname="org.apache.spark.util.sketch.BloomFilterSuite" time="2.538">
</testcase>
  <testcase 
  name="mergeInPlace - String" classname="org.apache.spark.util.sketch.BloomFilterSuite" time="2.09">
</testcase>
  <testcase 
  name="incompatible merge" classname="org.apache.spark.util.sketch.BloomFilterSuite" time="0.002">
</testcase>
  <system-out><![CDATA[]]></system-out>
  <system-err><![CDATA[]]></system-err>
</testsuite>
